<?xml version="1.0" encoding="utf-8"?><testsuites><testsuite name="pytest" errors="0" failures="0" skipped="0" tests="51" time="26.818" timestamp="2026-06-23T00:04:25.768792+00:00" hostname="pod"><testcase classname="combined.test_baseline" name="test_cluster_state_exposes_engines_and_namespaces" time="0.342" /><testcase classname="combined.test_baseline" name="test_graph_without_policies_has_workloads_and_no_edges" time="0.235" /><testcase classname="combined.test_baseline" name="test_graph_filtered_by_namespace_returns_subset" time="0.192" /><testcase classname="combined.test_dual_engine" name="test_both_engines_produce_distinct_edges_side_by_side" time="1.255" /><testcase classname="combined.test_intersection" name="test_effective_status_is_intersection_of_both_engines" time="0.745" /><testcase classname="combined.test_intersection" name="test_no_opinion_engine_does_not_over_claim" time="0.473" /><testcase classname="combined.test_node_info" name="test_node_with_no_policies_returns_empty_map" time="0.203" /><testcase classname="combined.test_node_info" name="test_selecting_policy_appears_under_its_engine" time="0.461" /><testcase classname="combined.test_node_info" name="test_outbound_rule_source_lists_its_rule" time="0.461" /><testcase classname="combined.test_node_info" name="test_istio_policy_visible_on_selected_workload" time="0.454" /><testcase classname="combined.test_node_info" name="test_both_engines_listed_when_each_has_data" time="0.959" /><testcase classname="combined.test_reachability" name="test_no_policies_verdict_allow_engines_not_enforced" time="0.225" /><testcase classname="combined.test_reachability" name="test_k8s_allow_rule_grants_reachability" time="0.456" /><testcase classname="combined.test_reachability" name="test_k8s_default_deny_blocks_when_locked_without_allow" time="0.482" /><testcase classname="combined.test_reachability" name="test_istio_explicit_deny_blocks_path" time="0.460" /><testcase classname="combined.test_reachability" name="test_multi_engine_and_one_engine_blocks_overall" time="0.751" /><testcase classname="istio.test_edges" name="test_istio_authz_produces_istio_edge" time="0.474" /><testcase classname="istio.test_edges" name="test_istio_edge_direction" time="0.483" /><testcase classname="istio.test_edges" name="test_istio_deny_edge_action" time="0.517" /><testcase classname="istio.test_mesh" name="test_mtls_verdict[ns_strict]" time="0.544" /><testcase classname="istio.test_mesh" name="test_mtls_verdict[ns_disable]" time="0.494" /><testcase classname="istio.test_mesh" name="test_mtls_verdict[ns_permissive]" time="0.539" /><testcase classname="istio.test_mesh" name="test_mtls_verdict[ns_unset_fallback]" time="0.462" /><testcase classname="istio.test_mesh" name="test_mtls_verdict[precedence_workload]" time="0.854" /><testcase classname="istio.test_mesh" name="test_mtls_verdict[mesh_scope]" time="0.505" /><testcase classname="istio.test_mesh" name="test_enrolled_membership" time="0.219" /><testcase classname="istio.test_mesh" name="test_port_override" time="0.459" /><testcase classname="istio.test_mesh" name="test_mesh_can_talk" time="0.631" /><testcase classname="istio.test_mesh" name="test_cant_talk_outside_mesh" time="0.664" /><testcase classname="istio.test_mesh" name="test_capture_ingress_error" time="0.505" /><testcase classname="istio.test_mesh" name="test_capture_egress_error" time="0.576" /><testcase classname="istio.test_mesh" name="test_capture_mesh_duplicate_pa_error" time="0.739" /><testcase classname="istio.test_mesh" name="test_pa_issues[all_unset]" time="0.500" /><testcase classname="istio.test_mesh" name="test_pa_issues[root_selector_ignored]" time="0.489" /><testcase classname="istio.test_mesh" name="test_pa_issues[port_without_selector]" time="0.522" /><testcase classname="istio.test_status_keys" name="test_backend_istio_status_keys[deny_all]" time="0.461" /><testcase classname="istio.test_status_keys" name="test_backend_istio_status_keys[allow_same_ns]" time="0.584" /><testcase classname="istio.test_status_keys" name="test_backend_istio_status_keys[allow_cross_ns]" time="0.507" /><testcase classname="istio.test_status_keys" name="test_backend_istio_status_keys[allow_internet]" time="0.463" /><testcase classname="istio.test_status_keys" name="test_backend_istio_status_keys[allow_lan]" time="0.475" /><testcase classname="istio.test_status_keys" name="test_backend_istio_status_keys[allow_any]" time="0.588" /><testcase classname="istio.test_status_keys" name="test_backend_istio_status_keys[allow_l7]" time="0.465" /><testcase classname="istio.test_status_keys" name="test_backend_istio_status_keys[subtraction]" time="0.749" /><testcase classname="istio.test_status_keys" name="test_backend_istio_status_keys[not_namespaces]" time="0.535" /><testcase classname="k8s.test_edges" name="test_k8s_netpol_produces_k8s_edge" time="0.472" /><testcase classname="k8s.test_status_keys" name="test_backend_k8s_status_keys[deny_all_backend-expected_keys0]" time="0.548" /><testcase classname="k8s.test_status_keys" name="test_backend_k8s_status_keys[allow_fe_to_be-expected_keys1]" time="0.528" /><testcase classname="k8s.test_status_keys" name="test_backend_k8s_status_keys[pod_ns_egress-expected_keys2]" time="0.475" /><testcase classname="k8s.test_status_keys" name="test_backend_k8s_status_keys[allow_internet_egress-expected_keys3]" time="0.472" /><testcase classname="k8s.test_status_keys" name="test_backend_k8s_status_keys[allow_internet_ingress-expected_keys4]" time="0.465" /><testcase classname="k8s.test_status_keys" name="test_backend_k8s_status_keys[deny_egress_only-expected_keys5]" time="0.539" /></testsuite></testsuites>