<?xml version="1.0" encoding="utf-8"?><testsuites><testsuite name="pytest" errors="0" failures="0" skipped="0" tests="82" time="287.282" timestamp="2026-08-27T22:08:00.663894+00:00" hostname="pod"><testcase classname="combined.test_baseline" name="test_cluster_state_exposes_engines_and_namespaces" time="2.950" /><testcase classname="combined.test_baseline" name="test_graph_without_policies_has_workloads_and_no_edges" time="1.793" /><testcase classname="combined.test_baseline" name="test_graph_filtered_by_namespace_returns_subset" time="1.803" /><testcase classname="combined.test_cluster_metrics" name="test_cluster_metrics_reports_topology_totals" time="1.800" /><testcase classname="combined.test_cluster_metrics" name="test_mesh_metrics_marks_enrolled_ns_and_workloads" time="1.815" /><testcase classname="combined.test_cluster_metrics" name="test_mesh_metrics_shifts_to_strict_when_ns_pa_applied" time="3.437" /><testcase classname="combined.test_cluster_metrics" name="test_mesh_metrics_shifts_to_disabled_when_pa_disables" time="3.454" /><testcase classname="combined.test_dual_engine" name="test_both_engines_produce_distinct_edges_side_by_side" time="5.222" /><testcase classname="combined.test_intersection" name="test_effective_status_is_intersection_of_both_engines" time="5.527" /><testcase classname="combined.test_intersection" name="test_no_opinion_engine_does_not_over_claim" time="3.482" /><testcase classname="combined.test_issues" name="test_issues_empty_when_no_policies" time="2.459" /><testcase classname="combined.test_issues" name="test_policy_conflict_flagged_when_engines_disagree" time="4.875" /><testcase classname="combined.test_issues" name="test_mesh_conflict_flagged_when_strict_denies_permitted_edge" time="5.325" /><testcase classname="combined.test_manifest" name="test_manifest_returns_clean_yaml_for_applied_netpol" time="3.280" /><testcase classname="combined.test_manifest" name="test_manifest_unknown_policy_returns_error" time="2.451" /><testcase classname="combined.test_mesh_status" name="test_mesh_status_reports_ambient_workloads" time="1.829" /><testcase classname="combined.test_mesh_status" name="test_mesh_status_marks_unenrolled_workloads" time="1.802" /><testcase classname="combined.test_metrics_endpoint" name="test_metrics_endpoint_serves_prometheus_text" time="1.692" /><testcase classname="combined.test_metrics_endpoint" name="test_metrics_endpoint_exposes_alatyr_series" time="1.804" /><testcase classname="combined.test_metrics_endpoint" name="test_metrics_endpoint_exposes_runtime_collectors" time="1.713" /><testcase classname="combined.test_metrics_endpoint" name="test_metrics_endpoint_records_http_traffic" time="1.811" /><testcase classname="combined.test_metrics_endpoint" name="test_metrics_endpoint_stamps_build_info" time="1.696" /><testcase classname="combined.test_metrics_endpoint" name="test_metrics_endpoint_marks_registered_engines" time="1.701" /><testcase classname="combined.test_metrics_endpoint" name="test_metrics_endpoint_handles_gzip_negotiation" time="1.706" /><testcase classname="combined.test_metrics_regression" name="test_workloads_covered_moves_after_policy_apply" time="6.460" /><testcase classname="combined.test_metrics_regression" name="test_policies_count_moves_after_apply" time="6.480" /><testcase classname="combined.test_metrics_regression" name="test_stale_policy_series_drop_after_wipe" time="10.242" /><testcase classname="combined.test_metrics_regression" name="test_evaluation_timestamp_advances_between_scrapes" time="4.321" /><testcase classname="combined.test_metrics_regression" name="test_informer_cache_synced_reports_one_per_gvk" time="1.736" /><testcase classname="combined.test_metrics_regression" name="test_metric_series_count_under_ceiling[alatyr_engine_enabled-8]" time="3.317" /><testcase classname="combined.test_metrics_regression" name="test_metric_series_count_under_ceiling[alatyr_mesh_namespaces_partially_enrolled-4]" time="3.327" /><testcase classname="combined.test_metrics_regression" name="test_metric_series_count_under_ceiling[alatyr_workloads-40]" time="3.435" /><testcase classname="combined.test_metrics_regression" name="test_metric_series_count_under_ceiling[alatyr_workloads_unpoliced-40]" time="3.329" /><testcase classname="combined.test_metrics_regression" name="test_metric_series_count_under_ceiling[alatyr_workloads_unpoliced_excluding_global-40]" time="3.327" /><testcase classname="combined.test_metrics_regression" name="test_total_alatyr_series_under_ceiling" time="3.312" /><testcase classname="combined.test_node_info" name="test_node_with_no_policies_has_no_neighbors" time="1.821" /><testcase classname="combined.test_node_info" name="test_inbound_neighbor_lists_source" time="3.337" /><testcase classname="combined.test_node_info" name="test_outbound_neighbor_lists_destination" time="3.351" /><testcase classname="combined.test_node_info" name="test_istio_neighbor_visible_on_selected_workload" time="4.080" /><testcase classname="combined.test_node_info" name="test_both_engines_have_neighbors_when_each_has_data" time="5.597" /><testcase classname="combined.test_reachability" name="test_no_policies_verdict_allow_engines_not_enforced" time="1.845" /><testcase classname="combined.test_reachability" name="test_k8s_allow_rule_grants_reachability" time="3.363" /><testcase classname="combined.test_reachability" name="test_k8s_default_deny_blocks_when_locked_without_allow" time="4.477" /><testcase classname="combined.test_reachability" name="test_istio_explicit_deny_blocks_path" time="3.681" /><testcase classname="combined.test_reachability" name="test_multi_engine_and_one_engine_blocks_overall" time="5.540" /><testcase classname="istio.test_edges" name="test_istio_authz_produces_istio_edge" time="3.475" /><testcase classname="istio.test_edges" name="test_istio_edge_direction" time="3.995" /><testcase classname="istio.test_edges" name="test_istio_deny_edge_action" time="3.990" /><testcase classname="istio.test_mesh" name="test_mtls_verdict[ns_strict]" time="4.005" /><testcase classname="istio.test_mesh" name="test_mtls_verdict[ns_disable]" time="3.392" /><testcase classname="istio.test_mesh" name="test_mtls_verdict[ns_permissive]" time="3.398" /><testcase classname="istio.test_mesh" name="test_mtls_verdict[ns_unset_fallback]" time="3.379" /><testcase classname="istio.test_mesh" name="test_mtls_verdict[precedence_workload]" time="4.911" /><testcase classname="istio.test_mesh" name="test_mtls_verdict[mesh_scope]" time="3.404" /><testcase classname="istio.test_mesh" name="test_enrolled_membership" time="1.856" /><testcase classname="istio.test_mesh" name="test_port_override" time="3.330" /><testcase classname="istio.test_mesh" name="test_mesh_can_talk" time="3.364" /><testcase classname="istio.test_mesh" name="test_cant_talk_outside_mesh" time="3.377" /><testcase classname="istio.test_mesh" name="test_capture_ingress_error" time="3.371" /><testcase classname="istio.test_mesh" name="test_capture_egress_error" time="4.175" /><testcase classname="istio.test_mesh" name="test_capture_mesh_duplicate_pa_error" time="5.525" /><testcase classname="istio.test_mesh" name="test_pa_issues[all_unset]" time="3.409" /><testcase classname="istio.test_mesh" name="test_pa_issues[root_selector_ignored]" time="3.361" /><testcase classname="istio.test_mesh" name="test_pa_issues[port_without_selector]" time="3.383" /><testcase classname="istio.test_mesh" name="test_unenrolled_workload_reports_not_in_mesh" time="1.844" /><testcase classname="istio.test_mesh" name="test_namespace_node_inherits_ns_ambient_enrollment" time="1.818" /><testcase classname="istio.test_status_keys" name="test_backend_istio_status_keys[deny_all]" time="3.345" /><testcase classname="istio.test_status_keys" name="test_backend_istio_status_keys[allow_same_ns]" time="3.377" /><testcase classname="istio.test_status_keys" name="test_backend_istio_status_keys[allow_cross_ns]" time="3.884" /><testcase classname="istio.test_status_keys" name="test_backend_istio_status_keys[allow_internet]" time="4.078" /><testcase classname="istio.test_status_keys" name="test_backend_istio_status_keys[allow_lan]" time="3.354" /><testcase classname="istio.test_status_keys" name="test_backend_istio_status_keys[allow_any]" time="3.350" /><testcase classname="istio.test_status_keys" name="test_backend_istio_status_keys[allow_l7]" time="3.382" /><testcase classname="istio.test_status_keys" name="test_backend_istio_status_keys[subtraction]" time="5.432" /><testcase classname="istio.test_status_keys" name="test_backend_istio_status_keys[not_namespaces]" time="3.456" /><testcase classname="k8s.test_edges" name="test_k8s_netpol_produces_k8s_edge" time="3.444" /><testcase classname="k8s.test_status_keys" name="test_backend_k8s_status_keys[deny_all_backend-expected_keys0]" time="3.640" /><testcase classname="k8s.test_status_keys" name="test_backend_k8s_status_keys[allow_fe_to_be-expected_keys1]" time="3.889" /><testcase classname="k8s.test_status_keys" name="test_backend_k8s_status_keys[pod_ns_egress-expected_keys2]" time="3.984" /><testcase classname="k8s.test_status_keys" name="test_backend_k8s_status_keys[allow_internet_egress-expected_keys3]" time="4.068" /><testcase classname="k8s.test_status_keys" name="test_backend_k8s_status_keys[allow_internet_ingress-expected_keys4]" time="3.986" /><testcase classname="k8s.test_status_keys" name="test_backend_k8s_status_keys[deny_egress_only-expected_keys5]" time="4.054" /></testsuite></testsuites>