TN:
SF:src/store/filters.ts
FN:13,filteredNodes
FN:16,(anonymous_1)
FN:25,(anonymous_2)
FN:33,(anonymous_3)
FN:40,filteredEdges
FN:41,(anonymous_5)
FN:43,(anonymous_6)
FN:43,(anonymous_7)
FN:47,(anonymous_8)
FN:50,(anonymous_9)
FN:52,(anonymous_10)
FNF:11
FNH:11
FNDA:27,filteredNodes
FNDA:134,(anonymous_1)
FNDA:26,(anonymous_2)
FNDA:47,(anonymous_3)
FNDA:12,filteredEdges
FNDA:39,(anonymous_5)
FNDA:60,(anonymous_6)
FNDA:28,(anonymous_7)
FNDA:13,(anonymous_8)
FNDA:18,(anonymous_9)
FNDA:15,(anonymous_10)
DA:14,27
DA:16,27
DA:17,134
DA:18,85
DA:19,78
DA:20,73
DA:23,27
DA:25,26
DA:26,9
DA:27,9
DA:28,12
DA:29,9
DA:30,9
DA:33,9
DA:34,47
DA:37,9
DA:41,39
DA:42,12
DA:43,60
DA:45,12
DA:47,13
DA:48,12
DA:50,18
DA:52,12
DA:53,15
DA:54,7
DA:55,8
LF:27
LH:27
BRDA:17,0,0,49
BRDA:17,0,1,85
BRDA:17,1,0,134
BRDA:17,1,1,108
BRDA:18,2,0,7
BRDA:18,2,1,78
BRDA:19,3,0,5
BRDA:19,3,1,73
BRDA:19,4,0,78
BRDA:19,4,1,7
BRDA:19,4,2,6
BRDA:23,5,0,18
BRDA:23,5,1,9
BRDA:28,6,0,3
BRDA:28,6,1,9
BRDA:29,7,0,8
BRDA:29,7,1,1
BRDA:30,8,0,2
BRDA:30,8,1,7
BRDA:34,9,0,47
BRDA:34,9,1,10
BRDA:34,9,2,8
BRDA:43,10,0,60
BRDA:43,10,1,39
BRDA:45,11,0,3
BRDA:45,11,1,9
BRDA:53,12,0,7
BRDA:53,12,1,8
BRDA:54,13,0,7
BRDA:54,13,1,5
BRDA:54,13,2,5
BRDA:55,14,0,8
BRDA:55,14,1,7
BRF:33
BRH:33
end_of_record
